<?xml version="1.0" encoding="UTF-8"?>
<!-- Generated by org.testng.reporters.JUnitReportReporter -->
<testsuite hostname="LAPTOP-M4O2H3ES" failures="0" tests="1" name="TestRunner.testRunner" time="19.451" errors="0" timestamp="2023-04-17T23:50:05 IST" skipped="0">
  <testcase classname="TestRunner.testRunner" name="runScenario" time="19.451"/>
  <system-out/>
</testsuite> <!-- TestRunner.testRunner -->
