<?xml version="1.0" encoding="UTF-8"?>
<!-- Generated by org.testng.reporters.JUnitReportReporter -->
<testsuite hostname="LAPTOP-M4O2H3ES" failures="0" tests="1" name="TestRunner.testRunner" time="21.930" errors="0" timestamp="2023-04-20T19:31:56 IST" skipped="0">
  <testcase classname="TestRunner.testRunner" name="runScenario" time="21.930"/>
  <system-out/>
</testsuite> <!-- TestRunner.testRunner -->
